<?xml version="1.0" encoding="UTF-8"?>
<Site BuildName="Linux-g++"
	BuildStamp="20240122-0235-Experimental"
	Name="goPC"
	Generator="ctest-3.22.1"
	CompilerName="/usr/bin/g++"
	CompilerVersion="11.4.0"
	OSName="Linux"
	Hostname="goPC"
	OSRelease="5.10.16.3-microsoft-standard-WSL2"
	OSVersion="#1 SMP Fri Apr 2 22:23:49 UTC 2021"
	OSPlatform="x86_64"
	Is64Bits="1"
	VendorString="AuthenticAMD"
	VendorID="Advanced Micro Devices"
	FamilyID="23"
	ModelID="104"
	ProcessorCacheSize="512"
	NumberOfLogicalCPU="12"
	NumberOfPhysicalCPU="6"
	TotalVirtualMemory="3072"
	TotalPhysicalMemory="11045"
	LogicalProcessorsPerPhysical="2"
	ProcessorClockFrequency="2095.99"
	>
	<Testing>
		<StartDateTime>Jan 22 11:09 CST</StartDateTime>
		<StartTestTime>1705892946</StartTestTime>
		<TestList/>
		<EndDateTime>Jan 22 11:09 CST</EndDateTime>
		<EndTestTime>1705892946</EndTestTime>
		<ElapsedMinutes>0</ElapsedMinutes>
	</Testing>
</Site>
